














Epoch: [0/2000] Loss: 4.4484 Acc: 0.00%: 100%|█████████████████████████████████████████████████████████████████████████████████████████████████████████████████████| 118/118 [00:31<00:00,  3.79it/s]
Epoch: [1/2000] Loss: 4.5057 Acc: 0.00%:   2%|██                                                                                                                     | 2/118 [00:00<00:29,  3.99it/s]















Epoch: [1/2000] Loss: 4.4807 Acc: 0.00%:  98%|███████████████████████████████████████████████████████████████████████████████████████████████████████████████████  | 116/118 [00:30<00:00,  3.75it/s]
Epoch: [1/2000] Loss: 4.4808 Acc: 0.00%: 100%|█████████████████████████████████████████████████████████████████████████████████████████████████████████████████████| 118/118 [00:31<00:00,  3.78it/s]














Epoch: [2/2000] Loss: 4.4733 Acc: 0.00%: 100%|█████████████████████████████████████████████████████████████████████████████████████████████████████████████████████| 118/118 [00:31<00:00,  3.75it/s]
Epoch: [3/2000] Loss: 4.4557 Acc: 0.00%:   1%|█                                                                                                                      | 1/118 [00:00<00:27,  4.25it/s]















Epoch: [3/2000] Loss: 4.4532 Acc: 0.00%: 100%|█████████████████████████████████████████████████████████████████████████████████████████████████████████████████████| 118/118 [00:31<00:00,  3.73it/s]
Epoch: [4/2000] Loss: 4.4005 Acc: 0.00%:   3%|███                                                                                                                    | 3/118 [00:00<00:30,  3.82it/s]















Epoch: [4/2000] Loss: 4.4030 Acc: 0.00%: 100%|█████████████████████████████████████████████████████████████████████████████████████████████████████████████████████| 118/118 [00:31<00:00,  3.72it/s]
Epoch: [5/2000] Loss: 4.3834 Acc: 0.00%:   3%|████                                                                                                                   | 4/118 [00:01<00:30,  3.77it/s]















Epoch: [5/2000] Loss: 4.3996 Acc: 0.00%: 100%|█████████████████████████████████████████████████████████████████████████████████████████████████████████████████████| 118/118 [00:31<00:00,  3.71it/s]
Epoch: [6/2000] Loss: 4.3847 Acc: 0.00%:   3%|████                                                                                                                   | 4/118 [00:01<00:30,  3.76it/s]















Epoch: [6/2000] Loss: 4.3980 Acc: 0.00%:  97%|██████████████████████████████████████████████████████████████████████████████████████████████████████████████████   | 115/118 [00:31<00:00,  3.70it/s]
Epoch: [6/2000] Loss: 4.3981 Acc: 0.00%: 100%|█████████████████████████████████████████████████████████████████████████████████████████████████████████████████████| 118/118 [00:31<00:00,  3.71it/s]















Epoch: [7/2000] Loss: 4.3977 Acc: 0.00%:  99%|████████████████████████████████████████████████████████████████████████████████████████████████████████████████████ | 117/118 [00:31<00:00,  3.69it/s]
Epoch: [7/2000] Loss: 4.3978 Acc: 0.00%: 100%|█████████████████████████████████████████████████████████████████████████████████████████████████████████████████████| 118/118 [00:31<00:00,  3.71it/s]














Epoch: [8/2000] Loss: 4.3975 Acc: 0.00%: 100%|█████████████████████████████████████████████████████████████████████████████████████████████████████████████████████| 118/118 [00:31<00:00,  3.71it/s]
  0%|                                                                                                                                                                        | 0/118 [00:00<?, ?it/s]















Epoch: [9/2000] Loss: 4.3973 Acc: 0.00%: 100%|█████████████████████████████████████████████████████████████████████████████████████████████████████████████████████| 118/118 [00:31<00:00,  3.71it/s]
Epoch: [10/2000] Loss: 4.3908 Acc: 0.00%:   1%|█                                                                                                                     | 1/118 [00:00<00:27,  4.20it/s]















Epoch: [10/2000] Loss: 4.4248 Acc: 0.00%: 100%|████████████████████████████████████████████████████████████████████████████████████████████████████████████████████| 118/118 [00:31<00:00,  3.70it/s]
Epoch: [11/2000] Loss: 4.4963 Acc: 0.00%:   1%|█                                                                                                                     | 1/118 [00:00<00:27,  4.22it/s]















Epoch: [11/2000] Loss: 4.4719 Acc: 0.00%: 100%|████████████████████████████████████████████████████████████████████████████████████████████████████████████████████| 118/118 [00:31<00:00,  3.70it/s]
Epoch: [12/2000] Loss: 4.4601 Acc: 0.00%:   2%|██                                                                                                                    | 2/118 [00:00<00:29,  3.89it/s]















Epoch: [12/2000] Loss: 4.4643 Acc: 0.00%: 100%|████████████████████████████████████████████████████████████████████████████████████████████████████████████████████| 118/118 [00:31<00:00,  3.70it/s]
Epoch: [13/2000] Loss: 4.4116 Acc: 0.00%:   3%|███                                                                                                                   | 3/118 [00:00<00:30,  3.80it/s]















Epoch: [13/2000] Loss: 4.4714 Acc: 0.00%: 100%|████████████████████████████████████████████████████████████████████████████████████████████████████████████████████| 118/118 [00:31<00:00,  3.71it/s]
Epoch: [14/2000] Loss: 4.4675 Acc: 0.00%:   3%|████                                                                                                                  | 4/118 [00:01<00:30,  3.76it/s]















Epoch: [14/2000] Loss: 4.4758 Acc: 0.00%: 100%|████████████████████████████████████████████████████████████████████████████████████████████████████████████████████| 118/118 [00:31<00:00,  3.71it/s]
Epoch: [15/2000] Loss: 4.4631 Acc: 0.00%:   4%|█████                                                                                                                 | 5/118 [00:01<00:30,  3.74it/s]















Epoch: [15/2000] Loss: 4.4737 Acc: 0.00%:  97%|█████████████████████████████████████████████████████████████████████████████████████████████████████████████████   | 115/118 [00:31<00:00,  3.70it/s]
Epoch: [15/2000] Loss: 4.4740 Acc: 0.00%: 100%|████████████████████████████████████████████████████████████████████████████████████████████████████████████████████| 118/118 [00:31<00:00,  3.71it/s]















Epoch: [16/2000] Loss: 4.4737 Acc: 0.00%:  98%|██████████████████████████████████████████████████████████████████████████████████████████████████████████████████  | 116/118 [00:31<00:00,  3.71it/s]
Epoch: [16/2000] Loss: 4.4738 Acc: 0.00%: 100%|████████████████████████████████████████████████████████████████████████████████████████████████████████████████████| 118/118 [00:31<00:00,  3.72it/s]














Epoch: [17/2000] Loss: 4.4732 Acc: 0.01%: 100%|████████████████████████████████████████████████████████████████████████████████████████████████████████████████████| 118/118 [00:31<00:00,  3.72it/s]
  0%|                                                                                                                                                                        | 0/118 [00:00<?, ?it/s]















Epoch: [18/2000] Loss: 4.4672 Acc: 0.01%: 100%|████████████████████████████████████████████████████████████████████████████████████████████████████████████████████| 118/118 [00:31<00:00,  3.72it/s]
Epoch: [19/2000] Loss: 4.4965 Acc: 0.00%:   2%|██                                                                                                                    | 2/118 [00:00<00:29,  3.91it/s]















Epoch: [19/2000] Loss: 4.4735 Acc: 0.01%: 100%|████████████████████████████████████████████████████████████████████████████████████████████████████████████████████| 118/118 [00:31<00:00,  3.72it/s]
Epoch: [20/2000] Loss: 4.4360 Acc: 0.00%:   3%|████                                                                                                                  | 4/118 [00:01<00:30,  3.76it/s]















Epoch: [20/2000] Loss: 4.4816 Acc: 0.00%: 100%|████████████████████████████████████████████████████████████████████████████████████████████████████████████████████| 118/118 [00:31<00:00,  3.72it/s]
Epoch: [21/2000] Loss: 4.4577 Acc: 0.00%:   4%|█████                                                                                                                 | 5/118 [00:01<00:30,  3.73it/s]















Epoch: [21/2000] Loss: 4.4663 Acc: 0.00%:  97%|█████████████████████████████████████████████████████████████████████████████████████████████████████████████████   | 115/118 [00:31<00:00,  3.70it/s]
Epoch: [21/2000] Loss: 4.4661 Acc: 0.00%: 100%|████████████████████████████████████████████████████████████████████████████████████████████████████████████████████| 118/118 [00:31<00:00,  3.71it/s]















Epoch: [22/2000] Loss: 4.4326 Acc: 0.00%:  98%|██████████████████████████████████████████████████████████████████████████████████████████████████████████████████  | 116/118 [00:31<00:00,  3.71it/s]
Epoch: [22/2000] Loss: 4.4333 Acc: 0.00%: 100%|████████████████████████████████████████████████████████████████████████████████████████████████████████████████████| 118/118 [00:31<00:00,  3.71it/s]














Epoch: [23/2000] Loss: 4.4121 Acc: 0.00%: 100%|████████████████████████████████████████████████████████████████████████████████████████████████████████████████████| 118/118 [00:31<00:00,  3.72it/s]
  0%|                                                                                                                                                                        | 0/118 [00:00<?, ?it/s]















Epoch: [24/2000] Loss: 4.3990 Acc: 0.00%: 100%|████████████████████████████████████████████████████████████████████████████████████████████████████████████████████| 118/118 [00:31<00:00,  3.72it/s]
Epoch: [25/2000] Loss: 4.3891 Acc: 0.00%:   2%|██                                                                                                                    | 2/118 [00:00<00:29,  3.91it/s]















Epoch: [25/2000] Loss: 4.3977 Acc: 0.00%: 100%|████████████████████████████████████████████████████████████████████████████████████████████████████████████████████| 118/118 [00:31<00:00,  3.72it/s]
Epoch: [26/2000] Loss: 4.3915 Acc: 0.00%:   3%|███                                                                                                                   | 3/118 [00:00<00:30,  3.81it/s]















Epoch: [26/2000] Loss: 4.3974 Acc: 0.00%: 100%|████████████████████████████████████████████████████████████████████████████████████████████████████████████████████| 118/118 [00:31<00:00,  3.72it/s]
Epoch: [27/2000] Loss: 4.3828 Acc: 0.00%:   3%|███                                                                                                                   | 3/118 [00:00<00:30,  3.80it/s]















Epoch: [27/2000] Loss: 4.3971 Acc: 0.00%: 100%|████████████████████████████████████████████████████████████████████████████████████████████████████████████████████| 118/118 [00:31<00:00,  3.71it/s]
Epoch: [28/2000] Loss: 4.3737 Acc: 0.00%:   3%|████                                                                                                                  | 4/118 [00:01<00:30,  3.76it/s]















Epoch: [28/2000] Loss: 4.3966 Acc: 0.00%:  98%|██████████████████████████████████████████████████████████████████████████████████████████████████████████████████  | 116/118 [00:31<00:00,  3.70it/s]
Epoch: [28/2000] Loss: 4.3967 Acc: 0.00%: 100%|████████████████████████████████████████████████████████████████████████████████████████████████████████████████████| 118/118 [00:31<00:00,  3.71it/s]















Epoch: [29/2000] Loss: 4.3964 Acc: 0.00%: 100%|████████████████████████████████████████████████████████████████████████████████████████████████████████████████████| 118/118 [00:31<00:00,  4.16it/s]
Epoch: [29/2000] Loss: 4.3964 Acc: 0.00%: 100%|████████████████████████████████████████████████████████████████████████████████████████████████████████████████████| 118/118 [00:31<00:00,  3.72it/s]














Epoch: [30/2000] Loss: 4.3964 Acc: 0.00%: 100%|████████████████████████████████████████████████████████████████████████████████████████████████████████████████████| 118/118 [00:31<00:00,  3.72it/s]
Epoch: [31/2000] Loss: 4.3779 Acc: 0.00%:   1%|█                                                                                                                     | 1/118 [00:00<00:27,  4.25it/s]












  0%|                                                                                                                                                                         | 0/40 [00:00<?, ?it/s]
Epoch: [31/2000] Loss: 4.3938 Acc: 0.00%:  81%|███████████████████████████████████████████████████████████████████████████████████████████████▏                     | 96/118 [00:25<00:05,  3.74it/s]


Epoch: [31/2000] Loss: 4.3963 Acc: 0.00%: 100%|████████████████████████████████████████████████████████████████████████████████████████████████████████████████████| 118/118 [00:31<00:00,  3.72it/s]
Epoch: [32/2000] Loss: 4.3721 Acc: 0.00%:   1%|█                                                                                                                     | 1/118 [00:00<00:27,  4.25it/s]















Epoch: [32/2000] Loss: 4.3958 Acc: 0.00%: 100%|████████████████████████████████████████████████████████████████████████████████████████████████████████████████████| 118/118 [00:31<00:00,  3.72it/s]
Epoch: [33/2000] Loss: 4.3943 Acc: 0.00%:   2%|██                                                                                                                    | 2/118 [00:00<00:29,  3.93it/s]















Epoch: [33/2000] Loss: 4.3954 Acc: 0.00%: 100%|████████████████████████████████████████████████████████████████████████████████████████████████████████████████████| 118/118 [00:31<00:00,  3.71it/s]
Epoch: [34/2000] Loss: 4.3767 Acc: 0.00%:   3%|████                                                                                                                  | 4/118 [00:01<00:30,  3.77it/s]















Epoch: [34/2000] Loss: 4.3949 Acc: 0.00%:  98%|██████████████████████████████████████████████████████████████████████████████████████████████████████████████████  | 116/118 [00:31<00:00,  3.71it/s]
Epoch: [34/2000] Loss: 4.3950 Acc: 0.00%: 100%|████████████████████████████████████████████████████████████████████████████████████████████████████████████████████| 118/118 [00:31<00:00,  3.72it/s]















Epoch: [35/2000] Loss: 4.4114 Acc: 0.00%:  99%|███████████████████████████████████████████████████████████████████████████████████████████████████████████████████ | 117/118 [00:31<00:00,  3.70it/s]
Epoch: [35/2000] Loss: 4.4116 Acc: 0.00%: 100%|████████████████████████████████████████████████████████████████████████████████████████████████████████████████████| 118/118 [00:31<00:00,  3.72it/s]















Epoch: [36/2000] Loss: 4.4033 Acc: 0.00%:  99%|███████████████████████████████████████████████████████████████████████████████████████████████████████████████████ | 117/118 [00:31<00:00,  3.71it/s]
Epoch: [36/2000] Loss: 4.4033 Acc: 0.00%: 100%|████████████████████████████████████████████████████████████████████████████████████████████████████████████████████| 118/118 [00:31<00:00,  3.72it/s]














Epoch: [37/2000] Loss: 4.3945 Acc: 0.00%: 100%|████████████████████████████████████████████████████████████████████████████████████████████████████████████████████| 118/118 [00:31<00:00,  3.72it/s]
Epoch: [38/2000] Loss: 4.3885 Acc: 0.00%:   1%|█                                                                                                                     | 1/118 [00:00<00:27,  4.25it/s]















Epoch: [38/2000] Loss: 4.3930 Acc: 0.00%: 100%|████████████████████████████████████████████████████████████████████████████████████████████████████████████████████| 118/118 [00:31<00:00,  3.72it/s]
Epoch: [39/2000] Loss: 4.3802 Acc: 0.00%:   2%|██                                                                                                                    | 2/118 [00:00<00:29,  3.91it/s]















Epoch: [39/2000] Loss: 4.3914 Acc: 0.00%: 100%|████████████████████████████████████████████████████████████████████████████████████████████████████████████████████| 118/118 [00:31<00:00,  3.72it/s]
  0%|                                                                                                                                                                        | 0/118 [00:00<?, ?it/s]

Epoch: [40/2000] Loss: 4.3821 Acc: 0.00%:   2%|██                                                                                                                    | 2/118 [00:24<23:22, 12.09s/it]
Traceback (most recent call last):
  File "/home/clding/miniconda3/envs/reversal/lib/python3.10/site-packages/torch/serialization.py", line 629, in save
    _save(obj, opened_zipfile, pickle_module, pickle_protocol, _disable_byteorder_record)
  File "/home/clding/miniconda3/envs/reversal/lib/python3.10/site-packages/torch/serialization.py", line 843, in _save
    zip_file.write_record('data.pkl', data_value, len(data_value))
RuntimeError: [enforce fail at inline_container.cc:764] . PytorchStreamWriter failed writing file data.pkl: file write failed
During handling of the above exception, another exception occurred:
Traceback (most recent call last):
  File "/home/clding/aditi/reversal/train.py", line 130, in <module>
    torch.save(model.state_dict(), checkpoint_path)
  File "/home/clding/miniconda3/envs/reversal/lib/python3.10/site-packages/torch/serialization.py", line 628, in save
    with _open_zipfile_writer(f) as opened_zipfile:
  File "/home/clding/miniconda3/envs/reversal/lib/python3.10/site-packages/torch/serialization.py", line 476, in __exit__
    self.file_like.write_end_of_file()
RuntimeError: [enforce fail at inline_container.cc:595] . unexpected pos 128 vs 0